Mar-08 11:15:02.335 [main] DEBUG nextflow.cli.Launcher - $> nextflow run hellow_nextflow_2.nf
Mar-08 11:15:02.465 [main] DEBUG nextflow.cli.CmdRun - N E X T F L O W  ~  version 25.10.4
Mar-08 11:15:02.497 [main] DEBUG nextflow.plugin.PluginsFacade - Setting up plugin manager > mode=prod; embedded=false; plugins-dir=/home/jeffe107/.nextflow/plugins; core-plugins: nf-amazon@3.4.4,nf-azure@1.20.2,nf-cloudcache@0.5.0,nf-codecommit@0.5.0,nf-console@1.3.0,nf-google@1.23.5,nf-k8s@1.2.2,nf-tower@1.17.5,nf-wave@1.16.1
Mar-08 11:15:02.526 [main] INFO  o.pf4j.DefaultPluginStatusProvider - Enabled plugins: []
Mar-08 11:15:02.531 [main] INFO  o.pf4j.DefaultPluginStatusProvider - Disabled plugins: []
Mar-08 11:15:02.534 [main] INFO  org.pf4j.DefaultPluginManager - PF4J version 3.12.0 in 'deployment' mode
Mar-08 11:15:02.552 [main] DEBUG nextflow.util.RetryConfig - Missing nextflow session - using default retry config
Mar-08 11:15:02.692 [main] INFO  org.pf4j.AbstractPluginManager - No plugins
Mar-08 11:15:02.776 [main] DEBUG nextflow.plugin.PluginsFacade - Plugins default=[]
Mar-08 11:15:02.777 [main] DEBUG nextflow.plugin.PluginsFacade - Plugins resolved requirement=[]
Mar-08 11:15:02.797 [main] DEBUG n.secret.LocalSecretsProvider - Secrets store: /home/jeffe107/.nextflow/secrets/store.json
Mar-08 11:15:02.812 [main] DEBUG nextflow.secret.SecretsLoader - Discovered secrets providers: [nextflow.secret.LocalSecretsProvider@7159139f] - activable => nextflow.secret.LocalSecretsProvider@7159139f
Mar-08 11:15:02.852 [main] DEBUG nextflow.cli.CmdRun - Applied DSL=2 by global default
Mar-08 11:15:02.872 [main] DEBUG nextflow.cli.CmdRun - Launching `hellow_nextflow_2.nf` [special_ochoa] DSL2 - revision: 1134a2c047
Mar-08 11:15:02.982 [main] DEBUG nextflow.Session - Session UUID: d30d2eae-b769-4ae3-8004-2c3b647bcfb6
Mar-08 11:15:02.983 [main] DEBUG nextflow.Session - Run name: special_ochoa
Mar-08 11:15:02.984 [main] DEBUG nextflow.Session - Executor pool size: 8
Mar-08 11:15:03.001 [main] DEBUG nextflow.file.FilePorter - File porter settings maxRetries=3; maxTransfers=50; pollTimeout=null
Mar-08 11:15:03.012 [main] DEBUG nextflow.util.ThreadPoolBuilder - Creating thread pool 'FileTransfer' minSize=10; maxSize=24; workQueue=LinkedBlockingQueue[-1]; allowCoreThreadTimeout=false
Mar-08 11:15:03.038 [main] DEBUG nextflow.cli.CmdRun - 
  Version: 25.10.4 build 11173
  Created: 10-02-2026 15:17 UTC (16:17 CEST)
  System: Linux 5.15.167.4-microsoft-standard-WSL2
  Runtime: Groovy 4.0.28 on OpenJDK 64-Bit Server VM 17.0.18+8-Ubuntu-122.04.1
  Encoding: UTF-8 (UTF-8)
  Process: 42216@LAPTOP-MHOIVANS [127.0.1.1]
  CPUs: 8 - Mem: 7.6 GB (6.6 GB) - Swap: 2 GB (2 GB)
Mar-08 11:15:03.078 [main] DEBUG nextflow.Session - Work-dir: /mnt/c/Users/USER/Downloads/sib/nextflow-training/exercises/intro_nextflow/work [v9fs]
Mar-08 11:15:03.079 [main] DEBUG nextflow.Session - Script base path does not exist or is not a directory: /mnt/c/Users/USER/Downloads/sib/nextflow-training/exercises/intro_nextflow/bin
Mar-08 11:15:03.100 [main] DEBUG nextflow.executor.ExecutorFactory - Extension executors providers=[]
Mar-08 11:15:03.113 [main] DEBUG nextflow.Session - Observer factory (v2): LinObserverFactory
Mar-08 11:15:03.118 [main] DEBUG nextflow.Session - Observer factory (v2): DefaultObserverFactory
Mar-08 11:15:03.178 [main] DEBUG nextflow.cache.CacheFactory - Using Nextflow cache factory: nextflow.cache.DefaultCacheFactory
Mar-08 11:15:03.189 [main] DEBUG nextflow.util.CustomThreadPool - Creating default thread pool > poolSize: 9; maxThreads: 1000
Mar-08 11:15:03.313 [main] DEBUG nextflow.Session - Session start
Mar-08 11:15:03.886 [main] DEBUG nextflow.script.ScriptRunner - > Launching execution
Mar-08 11:15:04.011 [main] DEBUG nextflow.executor.ExecutorFactory - << taskConfig executor: null
Mar-08 11:15:04.012 [main] DEBUG nextflow.executor.ExecutorFactory - >> processorType: 'local'
Mar-08 11:15:04.030 [main] DEBUG nextflow.executor.Executor - [warm up] executor > local
Mar-08 11:15:04.042 [main] DEBUG n.processor.LocalPollingMonitor - Creating local task monitor for executor 'local' > cpus=8; memory=7.6 GB; capacity=8; pollInterval=100ms; dumpInterval=5m
Mar-08 11:15:04.060 [main] DEBUG n.processor.TaskPollingMonitor - >>> barrier register (monitor: local)
Mar-08 11:15:04.104 [main] DEBUG nextflow.processor.TaskProcessor - Creating process 'hello_world': maxForks=0; fair=false; array=0
Mar-08 11:15:04.192 [main] DEBUG nextflow.executor.ExecutorFactory - << taskConfig executor: null
Mar-08 11:15:04.193 [main] DEBUG nextflow.executor.ExecutorFactory - >> processorType: 'local'
Mar-08 11:15:04.195 [main] DEBUG nextflow.processor.TaskProcessor - Creating process 'copy_file': maxForks=0; fair=false; array=0
Mar-08 11:15:04.224 [main] DEBUG nextflow.Session - Workflow process names [dsl2]: hello_world, copy_file
Mar-08 11:15:04.227 [main] DEBUG nextflow.Session - Igniting dataflow network (2)
Mar-08 11:15:04.228 [main] DEBUG nextflow.processor.TaskProcessor - Starting process > hello_world
Mar-08 11:15:04.230 [main] DEBUG nextflow.processor.TaskProcessor - Starting process > copy_file
Mar-08 11:15:04.232 [main] DEBUG nextflow.script.ScriptRunner - Parsed script files:
  Script_cd62cb673e5320b6: /mnt/c/Users/USER/Downloads/sib/nextflow-training/exercises/intro_nextflow/hellow_nextflow_2.nf
Mar-08 11:15:04.233 [main] DEBUG nextflow.script.ScriptRunner - > Awaiting termination 
Mar-08 11:15:04.233 [main] DEBUG nextflow.Session - Session await
Mar-08 11:15:04.428 [Task submitter] DEBUG n.executor.local.LocalTaskHandler - Launch cmd line: /bin/bash -ue .command.run
Mar-08 11:15:04.433 [Task submitter] INFO  nextflow.Session - [fa/2620d8] Submitted process > hello_world
Mar-08 11:15:04.479 [Task monitor] DEBUG n.processor.TaskPollingMonitor - Task completed > TaskHandler[id: 1; name: hello_world; status: COMPLETED; exit: 0; error: -; workDir: /mnt/c/Users/USER/Downloads/sib/nextflow-training/exercises/intro_nextflow/work/fa/2620d8838967dfea977297db00e423]
Mar-08 11:15:04.480 [Task monitor] DEBUG nextflow.util.ThreadPoolBuilder - Creating thread pool 'TaskFinalizer' minSize=10; maxSize=24; workQueue=LinkedBlockingQueue[-1]; allowCoreThreadTimeout=false
Mar-08 11:15:04.596 [Task submitter] DEBUG n.executor.local.LocalTaskHandler - Launch cmd line: /bin/bash -ue .command.run
Mar-08 11:15:04.598 [Task submitter] INFO  nextflow.Session - [7d/b8ddad] Submitted process > copy_file
Mar-08 11:15:04.651 [Task monitor] DEBUG n.processor.TaskPollingMonitor - Task completed > TaskHandler[id: 2; name: copy_file; status: COMPLETED; exit: 0; error: -; workDir: /mnt/c/Users/USER/Downloads/sib/nextflow-training/exercises/intro_nextflow/work/7d/b8ddad66b0f8ac89572bf41f73b414]
Mar-08 11:15:04.656 [main] DEBUG nextflow.Session - Session await > all processes finished
Mar-08 11:15:04.749 [Task monitor] DEBUG n.processor.TaskPollingMonitor - <<< barrier arrives (monitor: local) - terminating tasks monitor poll loop
Mar-08 11:15:04.750 [main] DEBUG nextflow.Session - Session await > all barriers passed
Mar-08 11:15:04.756 [main] DEBUG nextflow.util.ThreadPoolManager - Thread pool 'TaskFinalizer' shutdown completed (hard=false)
Mar-08 11:15:04.769 [main] DEBUG n.trace.WorkflowStatsObserver - Workflow completed > WorkflowStats[succeededCount=2; failedCount=0; ignoredCount=0; cachedCount=0; pendingCount=0; submittedCount=0; runningCount=0; retriesCount=0; abortedCount=0; succeedDuration=9ms; failedDuration=0ms; cachedDuration=0ms;loadCpus=0; loadMemory=0; peakRunning=1; peakCpus=1; peakMemory=0; ]
Mar-08 11:15:04.962 [main] DEBUG nextflow.cache.CacheDB - Closing CacheDB done
Mar-08 11:15:05.001 [main] DEBUG nextflow.util.ThreadPoolManager - Thread pool 'FileTransfer' shutdown completed (hard=false)
Mar-08 11:15:05.002 [main] DEBUG nextflow.script.ScriptRunner - > Execution complete -- Goodbye
